<?xml version="1.0" encoding="UTF-8"?>
<testsuite xmlns:xsi="http://www.w3.org/2001/XMLSchema-instance" xsi:noNamespaceSchemaLocation="https://maven.apache.org/surefire/maven-surefire-plugin/xsd/surefire-test-report-3.0.xsd" version="3.0" name="pdl.backend.ImageControllerTests" time="10.586" tests="7" errors="0" skipped="0" failures="0">
  <properties>
    <property name="java.specification.version" value="17"/>
    <property name="sun.jnu.encoding" value="UTF-8"/>
    <property name="java.class.path" value="/autofs/unitytravail/travail/thmoreau/L3/projet/l1b-database/backend/target/test-classes:/autofs/unitytravail/travail/thmoreau/L3/projet/l1b-database/backend/target/classes:/net/cremi/thmoreau/.m2/repository/org/springframework/boot/spring-boot-starter-web/3.2.1/spring-boot-starter-web-3.2.1.jar:/net/cremi/thmoreau/.m2/repository/org/springframework/boot/spring-boot-starter/3.2.1/spring-boot-starter-3.2.1.jar:/net/cremi/thmoreau/.m2/repository/org/springframework/boot/spring-boot-starter-logging/3.2.1/spring-boot-starter-logging-3.2.1.jar:/net/cremi/thmoreau/.m2/repository/ch/qos/logback/logback-classic/1.4.14/logback-classic-1.4.14.jar:/net/cremi/thmoreau/.m2/repository/ch/qos/logback/logback-core/1.4.14/logback-core-1.4.14.jar:/net/cremi/thmoreau/.m2/repository/org/apache/logging/log4j/log4j-to-slf4j/2.21.1/log4j-to-slf4j-2.21.1.jar:/net/cremi/thmoreau/.m2/repository/org/apache/logging/log4j/log4j-api/2.21.1/log4j-api-2.21.1.jar:/net/cremi/thmoreau/.m2/repository/org/slf4j/jul-to-slf4j/2.0.9/jul-to-slf4j-2.0.9.jar:/net/cremi/thmoreau/.m2/repository/jakarta/annotation/jakarta.annotation-api/2.1.1/jakarta.annotation-api-2.1.1.jar:/net/cremi/thmoreau/.m2/repository/org/yaml/snakeyaml/2.2/snakeyaml-2.2.jar:/net/cremi/thmoreau/.m2/repository/org/springframework/boot/spring-boot-starter-json/3.2.1/spring-boot-starter-json-3.2.1.jar:/net/cremi/thmoreau/.m2/repository/com/fasterxml/jackson/core/jackson-databind/2.15.3/jackson-databind-2.15.3.jar:/net/cremi/thmoreau/.m2/repository/com/fasterxml/jackson/core/jackson-annotations/2.15.3/jackson-annotations-2.15.3.jar:/net/cremi/thmoreau/.m2/repository/com/fasterxml/jackson/core/jackson-core/2.15.3/jackson-core-2.15.3.jar:/net/cremi/thmoreau/.m2/repository/com/fasterxml/jackson/datatype/jackson-datatype-jdk8/2.15.3/jackson-datatype-jdk8-2.15.3.jar:/net/cremi/thmoreau/.m2/repository/com/fasterxml/jackson/datatype/jackson-datatype-jsr310/2.15.3/jackson-datatype-jsr310-2.15.3.jar:/net/cremi/thmoreau/.m2/repository/com/fasterxml/jackson/module/jackson-module-parameter-names/2.15.3/jackson-module-parameter-names-2.15.3.jar:/net/cremi/thmoreau/.m2/repository/org/springframework/boot/spring-boot-starter-tomcat/3.2.1/spring-boot-starter-tomcat-3.2.1.jar:/net/cremi/thmoreau/.m2/repository/org/apache/tomcat/embed/tomcat-embed-core/10.1.17/tomcat-embed-core-10.1.17.jar:/net/cremi/thmoreau/.m2/repository/org/apache/tomcat/embed/tomcat-embed-el/10.1.17/tomcat-embed-el-10.1.17.jar:/net/cremi/thmoreau/.m2/repository/org/apache/tomcat/embed/tomcat-embed-websocket/10.1.17/tomcat-embed-websocket-10.1.17.jar:/net/cremi/thmoreau/.m2/repository/org/springframework/spring-web/6.1.2/spring-web-6.1.2.jar:/net/cremi/thmoreau/.m2/repository/org/springframework/spring-beans/6.1.2/spring-beans-6.1.2.jar:/net/cremi/thmoreau/.m2/repository/io/micrometer/micrometer-observation/1.12.1/micrometer-observation-1.12.1.jar:/net/cremi/thmoreau/.m2/repository/io/micrometer/micrometer-commons/1.12.1/micrometer-commons-1.12.1.jar:/net/cremi/thmoreau/.m2/repository/org/springframework/spring-webmvc/6.1.2/spring-webmvc-6.1.2.jar:/net/cremi/thmoreau/.m2/repository/org/springframework/spring-aop/6.1.2/spring-aop-6.1.2.jar:/net/cremi/thmoreau/.m2/repository/org/springframework/spring-context/6.1.2/spring-context-6.1.2.jar:/net/cremi/thmoreau/.m2/repository/org/springframework/spring-expression/6.1.2/spring-expression-6.1.2.jar:/net/cremi/thmoreau/.m2/repository/org/springframework/boot/spring-boot-starter-test/3.2.1/spring-boot-starter-test-3.2.1.jar:/net/cremi/thmoreau/.m2/repository/org/springframework/boot/spring-boot-test/3.2.1/spring-boot-test-3.2.1.jar:/net/cremi/thmoreau/.m2/repository/org/springframework/boot/spring-boot-test-autoconfigure/3.2.1/spring-boot-test-autoconfigure-3.2.1.jar:/net/cremi/thmoreau/.m2/repository/com/jayway/jsonpath/json-path/2.8.0/json-path-2.8.0.jar:/net/cremi/thmoreau/.m2/repository/org/slf4j/slf4j-api/2.0.9/slf4j-api-2.0.9.jar:/net/cremi/thmoreau/.m2/repository/jakarta/xml/bind/jakarta.xml.bind-api/4.0.1/jakarta.xml.bind-api-4.0.1.jar:/net/cremi/thmoreau/.m2/repository/jakarta/activation/jakarta.activation-api/2.1.2/jakarta.activation-api-2.1.2.jar:/net/cremi/thmoreau/.m2/repository/net/minidev/json-smart/2.5.0/json-smart-2.5.0.jar:/net/cremi/thmoreau/.m2/repository/net/minidev/accessors-smart/2.5.0/accessors-smart-2.5.0.jar:/net/cremi/thmoreau/.m2/repository/org/ow2/asm/asm/9.3/asm-9.3.jar:/net/cremi/thmoreau/.m2/repository/org/assertj/assertj-core/3.24.2/assertj-core-3.24.2.jar:/net/cremi/thmoreau/.m2/repository/net/bytebuddy/byte-buddy/1.14.10/byte-buddy-1.14.10.jar:/net/cremi/thmoreau/.m2/repository/org/awaitility/awaitility/4.2.0/awaitility-4.2.0.jar:/net/cremi/thmoreau/.m2/repository/org/hamcrest/hamcrest/2.2/hamcrest-2.2.jar:/net/cremi/thmoreau/.m2/repository/org/junit/jupiter/junit-jupiter/5.10.1/junit-jupiter-5.10.1.jar:/net/cremi/thmoreau/.m2/repository/org/junit/jupiter/junit-jupiter-api/5.10.1/junit-jupiter-api-5.10.1.jar:/net/cremi/thmoreau/.m2/repository/org/opentest4j/opentest4j/1.3.0/opentest4j-1.3.0.jar:/net/cremi/thmoreau/.m2/repository/org/junit/platform/junit-platform-commons/1.10.1/junit-platform-commons-1.10.1.jar:/net/cremi/thmoreau/.m2/repository/org/apiguardian/apiguardian-api/1.1.2/apiguardian-api-1.1.2.jar:/net/cremi/thmoreau/.m2/repository/org/junit/jupiter/junit-jupiter-params/5.10.1/junit-jupiter-params-5.10.1.jar:/net/cremi/thmoreau/.m2/repository/org/junit/jupiter/junit-jupiter-engine/5.10.1/junit-jupiter-engine-5.10.1.jar:/net/cremi/thmoreau/.m2/repository/org/junit/platform/junit-platform-engine/1.10.1/junit-platform-engine-1.10.1.jar:/net/cremi/thmoreau/.m2/repository/org/mockito/mockito-core/5.7.0/mockito-core-5.7.0.jar:/net/cremi/thmoreau/.m2/repository/net/bytebuddy/byte-buddy-agent/1.14.10/byte-buddy-agent-1.14.10.jar:/net/cremi/thmoreau/.m2/repository/org/objenesis/objenesis/3.3/objenesis-3.3.jar:/net/cremi/thmoreau/.m2/repository/org/mockito/mockito-junit-jupiter/5.7.0/mockito-junit-jupiter-5.7.0.jar:/net/cremi/thmoreau/.m2/repository/org/skyscreamer/jsonassert/1.5.1/jsonassert-1.5.1.jar:/net/cremi/thmoreau/.m2/repository/com/vaadin/external/google/android-json/0.0.20131108.vaadin1/android-json-0.0.20131108.vaadin1.jar:/net/cremi/thmoreau/.m2/repository/org/springframework/spring-core/6.1.2/spring-core-6.1.2.jar:/net/cremi/thmoreau/.m2/repository/org/springframework/spring-jcl/6.1.2/spring-jcl-6.1.2.jar:/net/cremi/thmoreau/.m2/repository/org/springframework/spring-test/6.1.2/spring-test-6.1.2.jar:/net/cremi/thmoreau/.m2/repository/org/xmlunit/xmlunit-core/2.9.1/xmlunit-core-2.9.1.jar:/net/cremi/thmoreau/.m2/repository/org/springframework/boot/spring-boot-devtools/3.2.1/spring-boot-devtools-3.2.1.jar:/net/cremi/thmoreau/.m2/repository/org/springframework/boot/spring-boot/3.2.1/spring-boot-3.2.1.jar:/net/cremi/thmoreau/.m2/repository/org/springframework/boot/spring-boot-autoconfigure/3.2.1/spring-boot-autoconfigure-3.2.1.jar:/net/cremi/thmoreau/.m2/repository/org/boofcv/boofcv-core/1.1.2/boofcv-core-1.1.2.jar:/net/cremi/thmoreau/.m2/repository/org/georegression/georegression/0.26.3/georegression-0.26.3.jar:/net/cremi/thmoreau/.m2/repository/org/ddogleg/ddogleg/0.23.1/ddogleg-0.23.1.jar:/net/cremi/thmoreau/.m2/repository/org/ejml/ejml-core/0.43.1/ejml-core-0.43.1.jar:/net/cremi/thmoreau/.m2/repository/org/ejml/ejml-fdense/0.43.1/ejml-fdense-0.43.1.jar:/net/cremi/thmoreau/.m2/repository/org/ejml/ejml-ddense/0.43.1/ejml-ddense-0.43.1.jar:/net/cremi/thmoreau/.m2/repository/org/ejml/ejml-simple/0.43.1/ejml-simple-0.43.1.jar:/net/cremi/thmoreau/.m2/repository/org/ejml/ejml-cdense/0.43.1/ejml-cdense-0.43.1.jar:/net/cremi/thmoreau/.m2/repository/org/ejml/ejml-zdense/0.43.1/ejml-zdense-0.43.1.jar:/net/cremi/thmoreau/.m2/repository/org/ejml/ejml-fsparse/0.43.1/ejml-fsparse-0.43.1.jar:/net/cremi/thmoreau/.m2/repository/org/ejml/ejml-dsparse/0.43.1/ejml-dsparse-0.43.1.jar:/net/cremi/thmoreau/.m2/repository/net/sf/trove4j/trove4j/3.0.3/trove4j-3.0.3.jar:/net/cremi/thmoreau/.m2/repository/org/boofcv/boofcv-feature/1.1.2/boofcv-feature-1.1.2.jar:/net/cremi/thmoreau/.m2/repository/org/boofcv/boofcv-geo/1.1.2/boofcv-geo-1.1.2.jar:/net/cremi/thmoreau/.m2/repository/org/boofcv/boofcv-io/1.1.2/boofcv-io-1.1.2.jar:/net/cremi/thmoreau/.m2/repository/commons-io/commons-io/2.13.0/commons-io-2.13.0.jar:/net/cremi/thmoreau/.m2/repository/org/boofcv/boofcv-ip/1.1.2/boofcv-ip-1.1.2.jar:/net/cremi/thmoreau/.m2/repository/org/boofcv/boofcv-ip-multiview/1.1.2/boofcv-ip-multiview-1.1.2.jar:/net/cremi/thmoreau/.m2/repository/org/boofcv/boofcv-learning/1.1.2/boofcv-learning-1.1.2.jar:/net/cremi/thmoreau/.m2/repository/org/boofcv/boofcv-recognition/1.1.2/boofcv-recognition-1.1.2.jar:/net/cremi/thmoreau/.m2/repository/org/deepboof/main/0.5.2/main-0.5.2.jar:/net/cremi/thmoreau/.m2/repository/org/deepboof/models/0.5.2/models-0.5.2.jar:/net/cremi/thmoreau/.m2/repository/org/deepboof/learning/0.5.2/learning-0.5.2.jar:/net/cremi/thmoreau/.m2/repository/org/deepboof/io/0.5.2/io-0.5.2.jar:/net/cremi/thmoreau/.m2/repository/com/google/protobuf/protobuf-java/3.23.2/protobuf-java-3.23.2.jar:/net/cremi/thmoreau/.m2/repository/org/rauschig/jarchivelib/1.2.0/jarchivelib-1.2.0.jar:/net/cremi/thmoreau/.m2/repository/org/apache/commons/commons-compress/1.21/commons-compress-1.21.jar:/net/cremi/thmoreau/.m2/repository/net/lingala/zip4j/zip4j/2.11.5/zip4j-2.11.5.jar:/net/cremi/thmoreau/.m2/repository/org/boofcv/boofcv-reconstruction/1.1.2/boofcv-reconstruction-1.1.2.jar:/net/cremi/thmoreau/.m2/repository/org/boofcv/boofcv-sfm/1.1.2/boofcv-sfm-1.1.2.jar:/net/cremi/thmoreau/.m2/repository/org/boofcv/boofcv-types/1.1.2/boofcv-types-1.1.2.jar:/net/cremi/thmoreau/.m2/repository/org/springframework/boot/spring-boot-starter-data-jdbc/3.2.1/spring-boot-starter-data-jdbc-3.2.1.jar:/net/cremi/thmoreau/.m2/repository/org/springframework/boot/spring-boot-starter-jdbc/3.2.1/spring-boot-starter-jdbc-3.2.1.jar:/net/cremi/thmoreau/.m2/repository/com/zaxxer/HikariCP/5.0.1/HikariCP-5.0.1.jar:/net/cremi/thmoreau/.m2/repository/org/springframework/spring-jdbc/6.1.2/spring-jdbc-6.1.2.jar:/net/cremi/thmoreau/.m2/repository/org/springframework/data/spring-data-jdbc/3.2.1/spring-data-jdbc-3.2.1.jar:/net/cremi/thmoreau/.m2/repository/org/springframework/data/spring-data-relational/3.2.1/spring-data-relational-3.2.1.jar:/net/cremi/thmoreau/.m2/repository/com/github/jsqlparser/jsqlparser/4.6/jsqlparser-4.6.jar:/net/cremi/thmoreau/.m2/repository/org/springframework/data/spring-data-commons/3.2.1/spring-data-commons-3.2.1.jar:/net/cremi/thmoreau/.m2/repository/org/springframework/spring-tx/6.1.2/spring-tx-6.1.2.jar:/net/cremi/thmoreau/.m2/repository/org/postgresql/postgresql/42.6.0/postgresql-42.6.0.jar:/net/cremi/thmoreau/.m2/repository/org/checkerframework/checker-qual/3.31.0/checker-qual-3.31.0.jar:"/>
    <property name="java.vm.vendor" value="Debian"/>
    <property name="sun.arch.data.model" value="64"/>
    <property name="sun.font.fontmanager" value="sun.awt.X11FontManager"/>
    <property name="java.vendor.url" value="https://tracker.debian.org/openjdk-17"/>
    <property name="user.timezone" value="Europe/Paris"/>
    <property name="os.name" value="Linux"/>
    <property name="java.vm.specification.version" value="17"/>
    <property name="sun.java.launcher" value="SUN_STANDARD"/>
    <property name="user.country" value="FR"/>
    <property name="sun.boot.library.path" value="/usr/lib/jvm/java-17-openjdk-amd64/lib"/>
    <property name="sun.java.command" value="/autofs/unitytravail/travail/thmoreau/L3/projet/l1b-database/backend/target/surefire/surefirebooter-20240319215130637_3.jar /autofs/unitytravail/travail/thmoreau/L3/projet/l1b-database/backend/target/surefire 2024-03-19T21-51-30_385-jvmRun1 surefire-20240319215130637_1tmp surefire_0-20240319215130637_2tmp"/>
    <property name="jdk.debug" value="release"/>
    <property name="surefire.test.class.path" value="/autofs/unitytravail/travail/thmoreau/L3/projet/l1b-database/backend/target/test-classes:/autofs/unitytravail/travail/thmoreau/L3/projet/l1b-database/backend/target/classes:/net/cremi/thmoreau/.m2/repository/org/springframework/boot/spring-boot-starter-web/3.2.1/spring-boot-starter-web-3.2.1.jar:/net/cremi/thmoreau/.m2/repository/org/springframework/boot/spring-boot-starter/3.2.1/spring-boot-starter-3.2.1.jar:/net/cremi/thmoreau/.m2/repository/org/springframework/boot/spring-boot-starter-logging/3.2.1/spring-boot-starter-logging-3.2.1.jar:/net/cremi/thmoreau/.m2/repository/ch/qos/logback/logback-classic/1.4.14/logback-classic-1.4.14.jar:/net/cremi/thmoreau/.m2/repository/ch/qos/logback/logback-core/1.4.14/logback-core-1.4.14.jar:/net/cremi/thmoreau/.m2/repository/org/apache/logging/log4j/log4j-to-slf4j/2.21.1/log4j-to-slf4j-2.21.1.jar:/net/cremi/thmoreau/.m2/repository/org/apache/logging/log4j/log4j-api/2.21.1/log4j-api-2.21.1.jar:/net/cremi/thmoreau/.m2/repository/org/slf4j/jul-to-slf4j/2.0.9/jul-to-slf4j-2.0.9.jar:/net/cremi/thmoreau/.m2/repository/jakarta/annotation/jakarta.annotation-api/2.1.1/jakarta.annotation-api-2.1.1.jar:/net/cremi/thmoreau/.m2/repository/org/yaml/snakeyaml/2.2/snakeyaml-2.2.jar:/net/cremi/thmoreau/.m2/repository/org/springframework/boot/spring-boot-starter-json/3.2.1/spring-boot-starter-json-3.2.1.jar:/net/cremi/thmoreau/.m2/repository/com/fasterxml/jackson/core/jackson-databind/2.15.3/jackson-databind-2.15.3.jar:/net/cremi/thmoreau/.m2/repository/com/fasterxml/jackson/core/jackson-annotations/2.15.3/jackson-annotations-2.15.3.jar:/net/cremi/thmoreau/.m2/repository/com/fasterxml/jackson/core/jackson-core/2.15.3/jackson-core-2.15.3.jar:/net/cremi/thmoreau/.m2/repository/com/fasterxml/jackson/datatype/jackson-datatype-jdk8/2.15.3/jackson-datatype-jdk8-2.15.3.jar:/net/cremi/thmoreau/.m2/repository/com/fasterxml/jackson/datatype/jackson-datatype-jsr310/2.15.3/jackson-datatype-jsr310-2.15.3.jar:/net/cremi/thmoreau/.m2/repository/com/fasterxml/jackson/module/jackson-module-parameter-names/2.15.3/jackson-module-parameter-names-2.15.3.jar:/net/cremi/thmoreau/.m2/repository/org/springframework/boot/spring-boot-starter-tomcat/3.2.1/spring-boot-starter-tomcat-3.2.1.jar:/net/cremi/thmoreau/.m2/repository/org/apache/tomcat/embed/tomcat-embed-core/10.1.17/tomcat-embed-core-10.1.17.jar:/net/cremi/thmoreau/.m2/repository/org/apache/tomcat/embed/tomcat-embed-el/10.1.17/tomcat-embed-el-10.1.17.jar:/net/cremi/thmoreau/.m2/repository/org/apache/tomcat/embed/tomcat-embed-websocket/10.1.17/tomcat-embed-websocket-10.1.17.jar:/net/cremi/thmoreau/.m2/repository/org/springframework/spring-web/6.1.2/spring-web-6.1.2.jar:/net/cremi/thmoreau/.m2/repository/org/springframework/spring-beans/6.1.2/spring-beans-6.1.2.jar:/net/cremi/thmoreau/.m2/repository/io/micrometer/micrometer-observation/1.12.1/micrometer-observation-1.12.1.jar:/net/cremi/thmoreau/.m2/repository/io/micrometer/micrometer-commons/1.12.1/micrometer-commons-1.12.1.jar:/net/cremi/thmoreau/.m2/repository/org/springframework/spring-webmvc/6.1.2/spring-webmvc-6.1.2.jar:/net/cremi/thmoreau/.m2/repository/org/springframework/spring-aop/6.1.2/spring-aop-6.1.2.jar:/net/cremi/thmoreau/.m2/repository/org/springframework/spring-context/6.1.2/spring-context-6.1.2.jar:/net/cremi/thmoreau/.m2/repository/org/springframework/spring-expression/6.1.2/spring-expression-6.1.2.jar:/net/cremi/thmoreau/.m2/repository/org/springframework/boot/spring-boot-starter-test/3.2.1/spring-boot-starter-test-3.2.1.jar:/net/cremi/thmoreau/.m2/repository/org/springframework/boot/spring-boot-test/3.2.1/spring-boot-test-3.2.1.jar:/net/cremi/thmoreau/.m2/repository/org/springframework/boot/spring-boot-test-autoconfigure/3.2.1/spring-boot-test-autoconfigure-3.2.1.jar:/net/cremi/thmoreau/.m2/repository/com/jayway/jsonpath/json-path/2.8.0/json-path-2.8.0.jar:/net/cremi/thmoreau/.m2/repository/org/slf4j/slf4j-api/2.0.9/slf4j-api-2.0.9.jar:/net/cremi/thmoreau/.m2/repository/jakarta/xml/bind/jakarta.xml.bind-api/4.0.1/jakarta.xml.bind-api-4.0.1.jar:/net/cremi/thmoreau/.m2/repository/jakarta/activation/jakarta.activation-api/2.1.2/jakarta.activation-api-2.1.2.jar:/net/cremi/thmoreau/.m2/repository/net/minidev/json-smart/2.5.0/json-smart-2.5.0.jar:/net/cremi/thmoreau/.m2/repository/net/minidev/accessors-smart/2.5.0/accessors-smart-2.5.0.jar:/net/cremi/thmoreau/.m2/repository/org/ow2/asm/asm/9.3/asm-9.3.jar:/net/cremi/thmoreau/.m2/repository/org/assertj/assertj-core/3.24.2/assertj-core-3.24.2.jar:/net/cremi/thmoreau/.m2/repository/net/bytebuddy/byte-buddy/1.14.10/byte-buddy-1.14.10.jar:/net/cremi/thmoreau/.m2/repository/org/awaitility/awaitility/4.2.0/awaitility-4.2.0.jar:/net/cremi/thmoreau/.m2/repository/org/hamcrest/hamcrest/2.2/hamcrest-2.2.jar:/net/cremi/thmoreau/.m2/repository/org/junit/jupiter/junit-jupiter/5.10.1/junit-jupiter-5.10.1.jar:/net/cremi/thmoreau/.m2/repository/org/junit/jupiter/junit-jupiter-api/5.10.1/junit-jupiter-api-5.10.1.jar:/net/cremi/thmoreau/.m2/repository/org/opentest4j/opentest4j/1.3.0/opentest4j-1.3.0.jar:/net/cremi/thmoreau/.m2/repository/org/junit/platform/junit-platform-commons/1.10.1/junit-platform-commons-1.10.1.jar:/net/cremi/thmoreau/.m2/repository/org/apiguardian/apiguardian-api/1.1.2/apiguardian-api-1.1.2.jar:/net/cremi/thmoreau/.m2/repository/org/junit/jupiter/junit-jupiter-params/5.10.1/junit-jupiter-params-5.10.1.jar:/net/cremi/thmoreau/.m2/repository/org/junit/jupiter/junit-jupiter-engine/5.10.1/junit-jupiter-engine-5.10.1.jar:/net/cremi/thmoreau/.m2/repository/org/junit/platform/junit-platform-engine/1.10.1/junit-platform-engine-1.10.1.jar:/net/cremi/thmoreau/.m2/repository/org/mockito/mockito-core/5.7.0/mockito-core-5.7.0.jar:/net/cremi/thmoreau/.m2/repository/net/bytebuddy/byte-buddy-agent/1.14.10/byte-buddy-agent-1.14.10.jar:/net/cremi/thmoreau/.m2/repository/org/objenesis/objenesis/3.3/objenesis-3.3.jar:/net/cremi/thmoreau/.m2/repository/org/mockito/mockito-junit-jupiter/5.7.0/mockito-junit-jupiter-5.7.0.jar:/net/cremi/thmoreau/.m2/repository/org/skyscreamer/jsonassert/1.5.1/jsonassert-1.5.1.jar:/net/cremi/thmoreau/.m2/repository/com/vaadin/external/google/android-json/0.0.20131108.vaadin1/android-json-0.0.20131108.vaadin1.jar:/net/cremi/thmoreau/.m2/repository/org/springframework/spring-core/6.1.2/spring-core-6.1.2.jar:/net/cremi/thmoreau/.m2/repository/org/springframework/spring-jcl/6.1.2/spring-jcl-6.1.2.jar:/net/cremi/thmoreau/.m2/repository/org/springframework/spring-test/6.1.2/spring-test-6.1.2.jar:/net/cremi/thmoreau/.m2/repository/org/xmlunit/xmlunit-core/2.9.1/xmlunit-core-2.9.1.jar:/net/cremi/thmoreau/.m2/repository/org/springframework/boot/spring-boot-devtools/3.2.1/spring-boot-devtools-3.2.1.jar:/net/cremi/thmoreau/.m2/repository/org/springframework/boot/spring-boot/3.2.1/spring-boot-3.2.1.jar:/net/cremi/thmoreau/.m2/repository/org/springframework/boot/spring-boot-autoconfigure/3.2.1/spring-boot-autoconfigure-3.2.1.jar:/net/cremi/thmoreau/.m2/repository/org/boofcv/boofcv-core/1.1.2/boofcv-core-1.1.2.jar:/net/cremi/thmoreau/.m2/repository/org/georegression/georegression/0.26.3/georegression-0.26.3.jar:/net/cremi/thmoreau/.m2/repository/org/ddogleg/ddogleg/0.23.1/ddogleg-0.23.1.jar:/net/cremi/thmoreau/.m2/repository/org/ejml/ejml-core/0.43.1/ejml-core-0.43.1.jar:/net/cremi/thmoreau/.m2/repository/org/ejml/ejml-fdense/0.43.1/ejml-fdense-0.43.1.jar:/net/cremi/thmoreau/.m2/repository/org/ejml/ejml-ddense/0.43.1/ejml-ddense-0.43.1.jar:/net/cremi/thmoreau/.m2/repository/org/ejml/ejml-simple/0.43.1/ejml-simple-0.43.1.jar:/net/cremi/thmoreau/.m2/repository/org/ejml/ejml-cdense/0.43.1/ejml-cdense-0.43.1.jar:/net/cremi/thmoreau/.m2/repository/org/ejml/ejml-zdense/0.43.1/ejml-zdense-0.43.1.jar:/net/cremi/thmoreau/.m2/repository/org/ejml/ejml-fsparse/0.43.1/ejml-fsparse-0.43.1.jar:/net/cremi/thmoreau/.m2/repository/org/ejml/ejml-dsparse/0.43.1/ejml-dsparse-0.43.1.jar:/net/cremi/thmoreau/.m2/repository/net/sf/trove4j/trove4j/3.0.3/trove4j-3.0.3.jar:/net/cremi/thmoreau/.m2/repository/org/boofcv/boofcv-feature/1.1.2/boofcv-feature-1.1.2.jar:/net/cremi/thmoreau/.m2/repository/org/boofcv/boofcv-geo/1.1.2/boofcv-geo-1.1.2.jar:/net/cremi/thmoreau/.m2/repository/org/boofcv/boofcv-io/1.1.2/boofcv-io-1.1.2.jar:/net/cremi/thmoreau/.m2/repository/commons-io/commons-io/2.13.0/commons-io-2.13.0.jar:/net/cremi/thmoreau/.m2/repository/org/boofcv/boofcv-ip/1.1.2/boofcv-ip-1.1.2.jar:/net/cremi/thmoreau/.m2/repository/org/boofcv/boofcv-ip-multiview/1.1.2/boofcv-ip-multiview-1.1.2.jar:/net/cremi/thmoreau/.m2/repository/org/boofcv/boofcv-learning/1.1.2/boofcv-learning-1.1.2.jar:/net/cremi/thmoreau/.m2/repository/org/boofcv/boofcv-recognition/1.1.2/boofcv-recognition-1.1.2.jar:/net/cremi/thmoreau/.m2/repository/org/deepboof/main/0.5.2/main-0.5.2.jar:/net/cremi/thmoreau/.m2/repository/org/deepboof/models/0.5.2/models-0.5.2.jar:/net/cremi/thmoreau/.m2/repository/org/deepboof/learning/0.5.2/learning-0.5.2.jar:/net/cremi/thmoreau/.m2/repository/org/deepboof/io/0.5.2/io-0.5.2.jar:/net/cremi/thmoreau/.m2/repository/com/google/protobuf/protobuf-java/3.23.2/protobuf-java-3.23.2.jar:/net/cremi/thmoreau/.m2/repository/org/rauschig/jarchivelib/1.2.0/jarchivelib-1.2.0.jar:/net/cremi/thmoreau/.m2/repository/org/apache/commons/commons-compress/1.21/commons-compress-1.21.jar:/net/cremi/thmoreau/.m2/repository/net/lingala/zip4j/zip4j/2.11.5/zip4j-2.11.5.jar:/net/cremi/thmoreau/.m2/repository/org/boofcv/boofcv-reconstruction/1.1.2/boofcv-reconstruction-1.1.2.jar:/net/cremi/thmoreau/.m2/repository/org/boofcv/boofcv-sfm/1.1.2/boofcv-sfm-1.1.2.jar:/net/cremi/thmoreau/.m2/repository/org/boofcv/boofcv-types/1.1.2/boofcv-types-1.1.2.jar:/net/cremi/thmoreau/.m2/repository/org/springframework/boot/spring-boot-starter-data-jdbc/3.2.1/spring-boot-starter-data-jdbc-3.2.1.jar:/net/cremi/thmoreau/.m2/repository/org/springframework/boot/spring-boot-starter-jdbc/3.2.1/spring-boot-starter-jdbc-3.2.1.jar:/net/cremi/thmoreau/.m2/repository/com/zaxxer/HikariCP/5.0.1/HikariCP-5.0.1.jar:/net/cremi/thmoreau/.m2/repository/org/springframework/spring-jdbc/6.1.2/spring-jdbc-6.1.2.jar:/net/cremi/thmoreau/.m2/repository/org/springframework/data/spring-data-jdbc/3.2.1/spring-data-jdbc-3.2.1.jar:/net/cremi/thmoreau/.m2/repository/org/springframework/data/spring-data-relational/3.2.1/spring-data-relational-3.2.1.jar:/net/cremi/thmoreau/.m2/repository/com/github/jsqlparser/jsqlparser/4.6/jsqlparser-4.6.jar:/net/cremi/thmoreau/.m2/repository/org/springframework/data/spring-data-commons/3.2.1/spring-data-commons-3.2.1.jar:/net/cremi/thmoreau/.m2/repository/org/springframework/spring-tx/6.1.2/spring-tx-6.1.2.jar:/net/cremi/thmoreau/.m2/repository/org/postgresql/postgresql/42.6.0/postgresql-42.6.0.jar:/net/cremi/thmoreau/.m2/repository/org/checkerframework/checker-qual/3.31.0/checker-qual-3.31.0.jar:"/>
    <property name="sun.cpu.endian" value="little"/>
    <property name="user.home" value="/net/cremi/thmoreau"/>
    <property name="user.language" value="fr"/>
    <property name="java.specification.vendor" value="Oracle Corporation"/>
    <property name="java.version.date" value="2024-01-16"/>
    <property name="java.home" value="/usr/lib/jvm/java-17-openjdk-amd64"/>
    <property name="file.separator" value="/"/>
    <property name="basedir" value="/autofs/unitytravail/travail/thmoreau/L3/projet/l1b-database/backend"/>
    <property name="java.vm.compressedOopsMode" value="Zero based"/>
    <property name="line.separator" value="&#10;"/>
    <property name="java.specification.name" value="Java Platform API Specification"/>
    <property name="java.vm.specification.vendor" value="Oracle Corporation"/>
    <property name="FILE_LOG_CHARSET" value="UTF-8"/>
    <property name="java.awt.headless" value="true"/>
    <property name="surefire.real.class.path" value="/autofs/unitytravail/travail/thmoreau/L3/projet/l1b-database/backend/target/surefire/surefirebooter-20240319215130637_3.jar"/>
    <property name="sun.management.compiler" value="HotSpot 64-Bit Tiered Compilers"/>
    <property name="java.runtime.version" value="17.0.10+7-Debian-1deb12u1"/>
    <property name="user.name" value="thmoreau"/>
    <property name="path.separator" value=":"/>
    <property name="os.version" value="6.1.0-18-amd64"/>
    <property name="java.runtime.name" value="OpenJDK Runtime Environment"/>
    <property name="file.encoding" value="UTF-8"/>
    <property name="java.vm.name" value="OpenJDK 64-Bit Server VM"/>
    <property name="localRepository" value="/net/cremi/thmoreau/.m2/repository"/>
    <property name="java.vendor.url.bug" value="https://bugs.debian.org/openjdk-17"/>
    <property name="java.io.tmpdir" value="/tmp"/>
    <property name="com.zaxxer.hikari.pool_number" value="1"/>
    <property name="java.version" value="17.0.10"/>
    <property name="user.dir" value="/autofs/unitytravail/travail/thmoreau/L3/projet/l1b-database/backend"/>
    <property name="os.arch" value="amd64"/>
    <property name="java.vm.specification.name" value="Java Virtual Machine Specification"/>
    <property name="PID" value="3003476"/>
    <property name="CONSOLE_LOG_CHARSET" value="UTF-8"/>
    <property name="native.encoding" value="UTF-8"/>
    <property name="java.library.path" value=":$/usr/lib/mesa-ssh/x86_64-linux-gnu:/usr/java/packages/lib:/usr/lib/x86_64-linux-gnu/jni:/lib/x86_64-linux-gnu:/usr/lib/x86_64-linux-gnu:/usr/lib/jni:/lib:/usr/lib"/>
    <property name="java.vm.info" value="mixed mode, sharing"/>
    <property name="java.vendor" value="Debian"/>
    <property name="java.vm.version" value="17.0.10+7-Debian-1deb12u1"/>
    <property name="sun.io.unicode.encoding" value="UnicodeLittle"/>
    <property name="java.class.version" value="61.0"/>
  </properties>
  <testcase name="getImageListShouldReturnSuccess" classname="pdl.backend.ImageControllerTests" time="2.135">
    <system-out><![CDATA[21:51:33.062 [main] INFO org.springframework.test.context.support.AnnotationConfigContextLoaderUtils -- Could not detect default configuration classes for test class [pdl.backend.ImageControllerTests]: ImageControllerTests does not declare any static, non-private, non-final, nested classes annotated with @Configuration.
21:51:33.437 [main] INFO org.springframework.boot.test.context.SpringBootTestContextBootstrapper -- Found @SpringBootConfiguration pdl.backend.BackendApplication for test class pdl.backend.ImageControllerTests
21:51:33.833 [main] INFO org.springframework.boot.devtools.restart.RestartApplicationListener -- Restart disabled due to context in which it is running

  .   ____          _            __ _ _
 /\\ / ___'_ __ _ _(_)_ __  __ _ \ \ \ \
( ( )\___ | '_ | '_| | '_ \/ _` | \ \ \ \
 \\/  ___)| |_)| | | | | || (_| |  ) ) ) )
  '  |____| .__|_| |_|_| |_\__, | / / / /
 =========|_|==============|___/=/_/_/_/
 :: Spring Boot ::                (v3.2.1)

2024-03-19T21:51:34.521+01:00  INFO 3003476 --- [           main] pdl.backend.ImageControllerTests         : Starting ImageControllerTests using Java 17.0.10 with PID 3003476 (started by thmoreau in /autofs/unitytravail/travail/thmoreau/L3/projet/l1b-database/backend)
2024-03-19T21:51:34.525+01:00  INFO 3003476 --- [           main] pdl.backend.ImageControllerTests         : No active profile set, falling back to 1 default profile: "default"
2024-03-19T21:51:36.249+01:00  INFO 3003476 --- [           main] .s.d.r.c.RepositoryConfigurationDelegate : Bootstrapping Spring Data JDBC repositories in DEFAULT mode.
2024-03-19T21:51:36.307+01:00  INFO 3003476 --- [           main] .s.d.r.c.RepositoryConfigurationDelegate : Finished Spring Data repository scanning in 46 ms. Found 0 JDBC repository interfaces.
2024-03-19T21:51:38.021+01:00  INFO 3003476 --- [           main] com.zaxxer.hikari.HikariDataSource       : HikariPool-1 - Starting...
2024-03-19T21:51:39.013+01:00  INFO 3003476 --- [           main] com.zaxxer.hikari.pool.HikariPool        : HikariPool-1 - Added connection org.postgresql.jdbc.PgConnection@62a54948
2024-03-19T21:51:39.019+01:00  INFO 3003476 --- [           main] com.zaxxer.hikari.HikariDataSource       : HikariPool-1 - Start completed.
2024-03-19T21:51:39.707+01:00  INFO 3003476 --- [           main] o.s.b.a.w.s.WelcomePageHandlerMapping    : Adding welcome page: class path resource [public/index.html]
2024-03-19T21:51:40.520+01:00  INFO 3003476 --- [           main] o.s.b.t.m.w.SpringBootMockServletContext : Initializing Spring TestDispatcherServlet ''
2024-03-19T21:51:40.521+01:00  INFO 3003476 --- [           main] o.s.t.web.servlet.TestDispatcherServlet  : Initializing Servlet ''
2024-03-19T21:51:40.528+01:00  INFO 3003476 --- [           main] o.s.t.web.servlet.TestDispatcherServlet  : Completed initialization in 3 ms
2024-03-19T21:51:40.600+01:00  INFO 3003476 --- [           main] pdl.backend.ImageControllerTests         : Started ImageControllerTests in 6.785 seconds (process running for 9.78)

MockHttpServletRequest:
      HTTP Method = GET
      Request URI = /images
       Parameters = {}
          Headers = []
             Body = null
    Session Attrs = {}

Handler:
             Type = pdl.backend.ImageController
           Method = pdl.backend.ImageController#getImageList()

Async:
    Async started = false
     Async result = null

Resolved Exception:
             Type = null

ModelAndView:
        View name = null
             View = null
            Model = null

FlashMap:
       Attributes = null

MockHttpServletResponse:
           Status = 200
    Error message = null
          Headers = [Content-Type:"application/json"]
     Content type = application/json
             Body = [{"id":0,"name":"test.jpg","type":"image/jpeg","size":"245*252"},{"id":1,"name":"worldofwarcraftelfwomen-1632050363806-4678.jpg","type":"image/jpeg","size":"1920*1200"},{"id":2,"name":"pingu.jpg","type":"image/jpeg","size":"553*309"},{"id":3,"name":"15ae2f2b98946e2ff7c9146520897a62.jpg","type":"image/jpeg","size":"534*800"},{"id":4,"name":"demonhunter-1632049370773-3745.jpg","type":"image/jpeg","size":"1920*1412"}]
    Forwarded URL = null
   Redirected URL = null
          Cookies = []
]]></system-out>
  </testcase>
  <testcase name="getImageShouldReturnNotFound" classname="pdl.backend.ImageControllerTests" time="0.048">
    <system-out><![CDATA[
MockHttpServletRequest:
      HTTP Method = GET
      Request URI = /images/999
       Parameters = {}
          Headers = []
             Body = null
    Session Attrs = {}

Handler:
             Type = pdl.backend.ImageController
           Method = pdl.backend.ImageController#getImage(long)

Async:
    Async started = false
     Async result = null

Resolved Exception:
             Type = null

ModelAndView:
        View name = null
             View = null
            Model = null

FlashMap:
       Attributes = null

MockHttpServletResponse:
           Status = 404
    Error message = null
          Headers = [Content-Type:"image/jpeg;charset=UTF-8", Content-Length:"23"]
     Content type = image/jpeg;charset=UTF-8
             Body = Image id=999 not found.
    Forwarded URL = null
   Redirected URL = null
          Cookies = []
]]></system-out>
  </testcase>
  <testcase name="getImageShouldReturnSuccess" classname="pdl.backend.ImageControllerTests" time="0.027"/>
  <testcase name="deleteImagesShouldReturnMethodNotAllowed" classname="pdl.backend.ImageControllerTests" time="0.031">
    <system-out><![CDATA[2024-03-19T21:51:42.886+01:00  WARN 3003476 --- [           main] .w.s.m.s.DefaultHandlerExceptionResolver : Resolved [org.springframework.web.HttpRequestMethodNotSupportedException: Request method 'DELETE' is not supported]

MockHttpServletRequest:
      HTTP Method = DELETE
      Request URI = /images
       Parameters = {}
          Headers = []
             Body = null
    Session Attrs = {}

Handler:
             Type = null

Async:
    Async started = false
     Async result = null

Resolved Exception:
             Type = org.springframework.web.HttpRequestMethodNotSupportedException

ModelAndView:
        View name = null
             View = null
            Model = null

FlashMap:
       Attributes = null

MockHttpServletResponse:
           Status = 405
    Error message = Method 'DELETE' is not supported.
          Headers = [Allow:"POST, GET"]
     Content type = null
             Body = 
    Forwarded URL = null
   Redirected URL = null
          Cookies = []
]]></system-out>
  </testcase>
  <testcase name="deleteImageShouldReturnNotFound" classname="pdl.backend.ImageControllerTests" time="0.026">
    <system-out><![CDATA[
MockHttpServletRequest:
      HTTP Method = DELETE
      Request URI = /images/999
       Parameters = {}
          Headers = []
             Body = null
    Session Attrs = {}

Handler:
             Type = pdl.backend.ImageController
           Method = pdl.backend.ImageController#deleteImage(long)

Async:
    Async started = false
     Async result = null

Resolved Exception:
             Type = null

ModelAndView:
        View name = null
             View = null
            Model = null

FlashMap:
       Attributes = null

MockHttpServletResponse:
           Status = 404
    Error message = null
          Headers = [Content-Type:"text/plain;charset=UTF-8", Content-Length:"23"]
     Content type = text/plain;charset=UTF-8
             Body = Image id=999 not found.
    Forwarded URL = null
   Redirected URL = null
          Cookies = []
]]></system-out>
  </testcase>
  <testcase name="createImageShouldReturnSuccess" classname="pdl.backend.ImageControllerTests" time="0.135">
    <system-out><![CDATA[
MockHttpServletRequest:
      HTTP Method = POST
      Request URI = /images
       Parameters = {}
          Headers = [Content-Type:"multipart/form-data;charset=UTF-8"]
             Body = null
    Session Attrs = {}

Handler:
             Type = pdl.backend.ImageController
           Method = pdl.backend.ImageController#addImage(MultipartFile, RedirectAttributes)

Async:
    Async started = false
     Async result = null

Resolved Exception:
             Type = null

ModelAndView:
        View name = null
             View = null
            Model = null

FlashMap:
       Attributes = null

MockHttpServletResponse:
           Status = 200
    Error message = null
          Headers = [Content-Type:"text/plain;charset=UTF-8", Content-Length:"14"]
     Content type = text/plain;charset=UTF-8
             Body = Image uploaded
    Forwarded URL = null
   Redirected URL = null
          Cookies = []
]]></system-out>
  </testcase>
  <testcase name="createImageShouldReturnUnsupportedMediaType" classname="pdl.backend.ImageControllerTests" time="0.02">
    <system-out><![CDATA[
MockHttpServletRequest:
      HTTP Method = POST
      Request URI = /images
       Parameters = {}
          Headers = [Content-Type:"multipart/form-data;charset=UTF-8"]
             Body = null
    Session Attrs = {}

Handler:
             Type = pdl.backend.ImageController
           Method = pdl.backend.ImageController#addImage(MultipartFile, RedirectAttributes)

Async:
    Async started = false
     Async result = null

Resolved Exception:
             Type = null

ModelAndView:
        View name = null
             View = null
            Model = null

FlashMap:
       Attributes = null

MockHttpServletResponse:
           Status = 415
    Error message = null
          Headers = [Content-Type:"text/plain;charset=UTF-8", Content-Length:"37"]
     Content type = text/plain;charset=UTF-8
             Body = Only JPEG / PNG file format supported
    Forwarded URL = null
   Redirected URL = null
          Cookies = []
]]></system-out>
  </testcase>
</testsuite>